20221220	16:49:56	c543c417-df6b-4fcf-821c-507177d86e1d	ValidationError: Mentor validation failed: phone_num: Path `phone_num` is required.	POST	/mentors	undefined
20221220	17:22:45	10295fa6-a8b2-4bf2-94a3-180fa7815ade	Error: Cannot set headers after they are sent to the client	PATCH	/mentors	undefined
20221220	17:23:20	edbc4595-8d27-4290-92d3-5c2adb76c4d6	Error: Cannot set headers after they are sent to the client	PATCH	/mentors	undefined
20221220	17:23:38	6ee5268a-618e-4842-bf1d-39ecd2d8efdb	Error: Cannot set headers after they are sent to the client	PATCH	/mentors	undefined
20221220	17:27:57	d5704d7d-fde4-4b5a-9bab-b3cffc15dcf3	TypeError: Mentor.save is not a function	PATCH	/mentors	undefined
20221220	17:29:15	2d8ff60b-1708-4f85-9168-f9152b3a3dad	SyntaxError: Unexpected string in JSON at position 162	PATCH	/mentors	undefined
20221220	20:57:28	5f188bbd-1d23-4da5-a98d-3c689bbe5a5a	Error: Cannot set headers after they are sent to the client	PATCH	/mentors	undefined
20221220	21:12:28	94b8f37c-2178-4dea-8399-0b3511e74820	SyntaxError: Unexpected string in JSON at position 40	PATCH	/tutorings	undefined
20221220	21:12:34	f7cae615-bfd7-4cc6-9b7f-5c93c5e1ef19	TypeError: tutoringToUpdate.save is not a function	PATCH	/tutorings	undefined
20221220	21:13:09	f3e7072f-1a0b-4382-a420-ee4503d65246	TypeError: tutoringToUpdate.save is not a function	PATCH	/tutorings	undefined
20221220	21:13:47	e130143f-706d-43f5-a195-7915d13bb45b	TypeError: tutoringToUpdate.save is not a function	PATCH	/tutorings	undefined
20221220	21:14:47	32eb4d7a-2898-474b-9e65-6b30132a5ea2	TypeError: tutoringToUpdate.save is not a function	PATCH	/tutorings	undefined
20221220	21:15:45	dd478acf-06a6-4b11-bbf1-7d70d4f50082	CastError: Cast to ObjectId failed for value "{ id: '63a216f355493bf0f2f04e43' }" (type Object) at path "_id" for model "Tutoring"	PATCH	/tutorings	undefined
20221220	21:15:51	b229c60e-8434-4630-852e-3f6e4e3e5100	CastError: Cast to ObjectId failed for value "{ id: '63a216f355493bf0f2f04e43' }" (type Object) at path "_id" for model "Tutoring"	PATCH	/tutorings	undefined
20221220	21:16:42	c2159a6d-da7f-4a84-90d0-64beb3cbc2b7	CastError: Cast to ObjectId failed for value "{ id: '63a216f355493bf0f2f04e43' }" (type Object) at path "_id" for model "Tutoring"	PATCH	/tutorings	undefined
20221220	21:24:11	307af5ae-981a-46ed-8a31-5df84ddd3f81	SyntaxError: Unexpected string in JSON at position 117	POST	/lessons	undefined
20221220	21:25:18	a1488e8b-514a-4366-8db4-d733f885e91e	SyntaxError: Unexpected string in JSON at position 39	PATCH	/lessons	undefined
20221220	21:55:54	1a27bbb1-120b-4fe7-87ef-0b832db7975c	SyntaxError: Unexpected string in JSON at position 38	PATCH	/invoices	undefined
20221220	22:01:17	fc96d98c-ebd7-436f-895d-6181d906d1f6	SyntaxError: Unexpected string in JSON at position 39	PATCH	/salaries	undefined
20221227	17:01:28	41694903-cfdd-4ae2-ba3e-62656e4178cb	SyntaxError: Unexpected string in JSON at position 169	POST	/lektors	undefined
20221227	17:02:21	e4ab13e8-9d90-4ae6-9959-7815571937b0	SyntaxError: Unexpected string in JSON at position 240	POST	/clients	undefined
20230102	15:23:41	ee2e689e-b6af-4114-81aa-ea565eb972b3	TypeError: Cannot read properties of null (reading 'name')	PATCH	/tutorings	undefined
20230102	15:23:59	46d20138-ce4f-42c2-ab23-d079e1c75ebf	TypeError: Cannot read properties of null (reading 'name')	PATCH	/tutorings	undefined
20230102	15:25:37	6f2ecf71-217d-445f-b484-8fa8d9b65644	TypeError: Cannot read properties of null (reading 'name')	GET	/tutorings	undefined
20230102	15:25:39	901119a2-6005-4de6-8df9-8533b71141d1	TypeError: Cannot read properties of null (reading 'name')	GET	/tutorings	undefined
20230102	15:26:10	60bbea9f-b6dd-49a7-b67c-ad7c2f5989a6	TypeError: Cannot read properties of null (reading 'name')	GET	/tutorings	undefined
20230102	15:27:24	44a3685b-1fd0-4082-9ff8-553b7e3ca0ac	TypeError: Cannot read properties of null (reading 'name')	DELETE	/tutorings	undefined
20230114	14:59:57	80fc9d56-d6aa-49c0-8dce-d497f0922e19	TypeError: Client.find is not a function	GET	/clients	undefined
20230118	07:58:31	ebfa6d1f-816b-48b4-8e2c-b86c16a911fd	Error: Cannot set headers after they are sent to the client	PATCH	/mentors	http://localhost:3000
20230118	07:58:48	3b6e1d24-ea64-438f-bca7-8cd6c4485dd5	Error: Cannot set headers after they are sent to the client	PATCH	/mentors	http://localhost:3000
20230118	07:59:25	869b09e8-75eb-4bb1-9773-b456cf679c1e	Error: Cannot set headers after they are sent to the client	PATCH	/mentors	http://localhost:3000
20230118	08:00:23	92a7e8f4-c715-43fa-acc2-33325e2d272b	Error: Cannot set headers after they are sent to the client	PATCH	/mentors	http://localhost:3000
