20221214	12:40:35	73ca77d3-36ed-4bb7-86db-de80ffbb4c69	GET	/home	undefined
20221214	12:40:48	12c274d4-aedf-4c6c-bdd2-ab884835b7f6	GET	/index	undefined
20221214	12:40:48	2dadef99-2933-400f-9355-a5e46145d8f4	GET	/css/index_style.css	undefined
20221214	13:14:57	4414f353-6168-4fbe-8f9a-7ac828ab46cd	GET	/	undefined
20221214	13:14:58	fa871552-023b-4fd0-b57b-cfddc3a9355d	GET	/css/index_style.css	undefined
20221218	20:02:32	1ca729e1-9103-418e-a29a-cba665ff6243	GET	/mentors	undefined
20221218	20:03:16	650c8c2c-86ae-495f-92e0-504cd12cee13	GET	/	undefined
20221218	20:03:16	b934aa06-c1f6-4437-a3a9-930e4170de62	GET	/css/index_style.css	undefined
20221218	20:03:17	5102e9bc-6e07-4963-b5d3-29bb0193864e	GET	/favicon.ico	undefined
20221218	20:04:08	4467be28-38af-4b82-8331-5be44a303277	GET	/mentors	undefined
20221218	20:04:35	45681dc0-d70e-4147-b6ae-a7a9366c6a84	GET	/lektors	undefined
20221218	20:04:41	6a6537b0-6903-45ea-b94c-769b5bec8d8f	GET	/clients	undefined
20221218	20:04:49	ee24d589-6f71-4112-a5db-01c73312ca68	GET	/tutorings	undefined
20221218	20:04:56	c0701f67-5a0e-40b2-8b5a-58b97fda4bfd	GET	/lessons	undefined
20221218	20:05:05	a0b459f9-08e1-4e2c-a5bf-2dcbee626de3	GET	/invoices	undefined
20221218	20:05:13	c1433bfa-30d0-43ab-85cd-5126f606205d	GET	/salaries	undefined
20221220	16:48:52	f4da4e00-5080-4ec3-b195-6066d1dff44b	POST	/mentors	undefined
20221220	16:49:56	54568bbc-d361-4214-a5ef-388b838093e1	POST	/mentors	undefined
20221220	16:50:27	3d882fab-59c9-40e6-8f51-7a8106b7c0de	POST	/mentors	undefined
20221220	16:50:37	1fe4a3db-5473-43a8-a61f-a49f8adba0a4	GET	/mentors	undefined
20221220	17:12:49	b075be4d-8b6b-4082-8c04-5bac0a3abc9e	GET	/	undefined
20221220	17:12:49	4e69f295-4338-4608-b969-f8f4cc63086c	GET	/css/index_style.css	undefined
20221220	17:12:50	e3b1f05b-a88f-4fb4-a680-56e619ef301c	GET	/favicon.ico	undefined
20221220	17:18:50	9226ce07-758b-4910-9029-f02b1a387868	POST	/mentors	undefined
20221220	17:19:51	1223afc7-6fbe-429d-bae4-45914776fc07	POST	/mentors	undefined
20221220	17:20:09	faaa5ebb-592a-4d9c-bb01-4d1524cfd90b	PUT	/mentors	undefined
20221220	17:22:45	5c613573-91e3-4f74-b735-7ffad9d0e5e3	PATCH	/mentors	undefined
20221220	17:23:20	c91d8c19-c34a-4290-80ff-57630fd8c24a	PATCH	/mentors	undefined
20221220	17:23:38	e33883e3-804b-430b-b657-5a674298a14a	PATCH	/mentors	undefined
20221220	17:25:05	3c3c8f01-a52e-43d4-aab2-0aef3b616c38	PATCH	/mentors	undefined
20221220	17:25:41	555397e2-98aa-4b3d-9b61-a5db63b8a6f3	PATCH	/mentors	undefined
20221220	17:26:24	2d7cc2c1-55ec-4414-a8a3-4875f14871ae	PATCH	/mentors	undefined
20221220	17:27:19	bc3d24a9-38be-4d6e-9244-312829c423cd	PATCH	/mentors	undefined
20221220	17:27:57	5a5a8cce-c416-4944-86bf-708a6c1bcea9	PATCH	/mentors	undefined
20221220	17:28:31	6bb4af62-b8ae-46d2-b623-b6f1ff4f19b5	PATCH	/mentors	undefined
20221220	17:28:34	5c28a656-0b95-46a3-81c7-96414abc47ce	GET	/mentors	undefined
20221220	17:29:15	e0860770-4242-4530-8c40-6514a09a5dde	PATCH	/mentors	undefined
20221220	17:29:20	76d258f8-876d-484a-855e-6ed7d20fac32	PATCH	/mentors	undefined
20221220	17:29:22	5d1fdb80-347b-4306-b0e9-68ccf9ddeecf	GET	/mentors	undefined
20221220	17:29:36	4ba4be5d-d29f-46eb-b211-2e47cbb0eb3a	GET	/mentors	undefined
20221220	17:29:55	67e88eee-c804-42fb-a4cb-3a2d9d9c3c83	PATCH	/mentors	undefined
20221220	17:29:58	880f3b12-8602-450b-8e99-f7e983ca5775	GET	/mentors	undefined
20221220	17:30:01	256ac927-0c06-4d25-b15f-c159bd843b92	GET	/mentors	undefined
20221220	17:30:14	e7713174-20a8-4abf-95c4-540ac04481e5	GET	/mentors	undefined
20221220	17:30:16	eeb29209-ec9e-4c12-a20e-99b139b41f3c	PATCH	/mentors	undefined
20221220	17:30:17	ea3e7ef1-1b18-4cd2-b6b8-1177890e045a	GET	/mentors	undefined
20221220	17:30:24	3051ff2c-985e-40c3-89a6-b6cac244541b	PATCH	/mentors	undefined
20221220	17:30:26	cf3b821c-755b-4a02-8b0f-fc03281e1a19	GET	/mentors	undefined
20221220	17:30:33	6558c32b-4234-4483-8939-254217cc232b	PATCH	/mentors	undefined
20221220	17:30:34	dcb1d5b6-2ca7-4cfc-9d79-0bda12ef6293	GET	/mentors	undefined
20221220	17:31:22	13c9f7fd-71a8-4421-99a8-b6148dae7c3e	DELETE	/mentors	undefined
20221220	17:31:31	46eadb9b-bc6d-4ff8-aeaf-46fce4840e33	GET	/mentors	undefined
20221220	17:32:10	de41bfd0-2938-459c-8af1-688950bdaa1e	POST	/mentors	undefined
20221220	17:32:12	171a8771-756b-4bb8-bbd4-37d8f01d12ca	GET	/mentors	undefined
20221220	17:32:15	f61f0b87-fa67-4802-8dbe-997ab2128aae	PATCH	/mentors	undefined
20221220	17:32:24	0220ecc5-641a-4f37-83f4-cc21e3167350	PATCH	/mentors	undefined
20221220	17:32:28	74ca8588-b966-4ab8-96ad-3a2734b9bee2	GET	/mentors	undefined
20221220	17:32:35	bc1a0310-ccd9-446a-bd9d-25d0fa95e00d	DELETE	/mentors	undefined
20221220	20:31:59	b30ca9ad-8d91-4715-8afc-717c434cc11a	GET	/mentors	undefined
20221220	20:32:05	7e9470fa-9809-4ea1-97cd-a66f1c190b21	GET	/lektors	undefined
20221220	20:32:10	a88d8b43-ff29-4a82-a6ff-5435bfffd126	GET	/clients	undefined
20221220	20:32:18	f3e37307-2b96-4091-9de5-4115ede1f607	GET	/tutorings	undefined
20221220	20:32:24	b39c5193-1716-4289-8e4e-8d5fa11e1dc8	GET	/salaries	undefined
20221220	20:32:26	bdc12b2b-1f16-4a18-b12a-d065220b0c26	GET	/salarys	undefined
20221220	20:32:32	782fa2a7-8c90-4b00-8a1b-b3bd500415da	GET	/invoices	undefined
20221220	20:32:44	6b7b841a-baa7-4f86-ad47-824abe3f96e5	GET	/lessons	undefined
20221220	20:47:19	b90e2a23-bde3-483c-8741-9d5f659d908b	POST	/mentors	undefined
20221220	20:48:20	50a0f146-1d72-4d04-ac09-67ff6b678a81	GET	/lektors	undefined
20221220	20:49:05	2f019e0f-646b-4674-940d-561182951daa	GET	/mentors	undefined
20221220	20:49:13	7922d16c-860b-48d9-ae6d-6695639c89ae	PATCH	/mentors	undefined
20221220	20:49:22	e8cc3642-ff80-4940-893a-f620a822bfaf	PATCH	/mentors	undefined
20221220	20:49:26	dacec000-d2ef-4d6e-aeaa-732938aa9c6a	DELETE	/mentors	undefined
20221220	20:49:32	238d6d1f-7629-4d72-b6f1-510821a910eb	POST	/mentors	undefined
20221220	20:49:36	58ff0f31-2f0e-40f3-9f8a-3a690741c589	GET	/mentors	undefined
20221220	20:52:59	f03e91b2-6439-48c0-8e53-91cb3a27cc60	POST	/lektors	undefined
20221220	20:53:08	69dc3580-761b-4f67-88e4-088c819dbd75	GET	/lektors	undefined
20221220	20:53:47	3dddb128-be68-4056-90c9-a31be3df830f	GET	/mentors	undefined
20221220	20:53:58	18b78c1f-9938-4aca-9152-3225263f83ae	DELETE	/mentors	undefined
20221220	20:54:02	53925dd7-f072-476a-b851-a31d79f6a643	GET	/mentors	undefined
20221220	20:54:38	b5e5bd91-c949-4615-a06e-01ddc200406e	PATCH	/lektors	undefined
20221220	20:54:57	80f0f2f3-d58f-4c1c-a785-04007dc0ae37	GET	/lektors	undefined
20221220	20:55:36	524a6c77-dce5-49f0-be38-5f0a09235bde	PATCH	/lektors	undefined
20221220	20:55:54	1a8d664e-a874-4bdc-ae35-3a6b32a6002f	PATCH	/lektors	undefined
20221220	20:56:41	89def388-8166-4188-9c15-81019ebffb54	PATCH	/lektors	undefined
20221220	20:56:45	cccbbfd9-2636-49eb-9628-727e74e7ff67	PATCH	/lektors	undefined
20221220	20:57:28	82cc11d4-71a9-4a37-84c5-86d5946d604a	PATCH	/mentors	undefined
20221220	20:57:39	2dad5f9f-75a2-47c8-bddb-d174d8be38e5	PATCH	/mentors	undefined
20221220	20:57:48	7a1c65eb-3ccf-42f6-85e5-1796b5f0db0a	GET	/mentors	undefined
20221220	20:57:54	33f9e0ae-83f6-4ac4-9312-23bfce789fae	PATCH	/mentors	undefined
20221220	20:58:14	80fcaaf1-1b12-477c-ae02-5d1be8990c1c	GET	/lektors	undefined
20221220	20:58:20	fd1a9370-f2d7-4e7b-8927-1d7ca1e9dd02	GET	/lektors	undefined
20221220	20:58:27	7f76bd4e-d1ce-4546-839b-9c8530180a27	DELETE	/lektors	undefined
20221220	20:58:31	7c3ae464-f183-475b-84d4-396f6e13658e	POST	/lektors	undefined
20221220	20:58:32	78f90ae2-debd-478f-a149-1c4a783bde90	POST	/lektors	undefined
20221220	20:58:36	00817bec-99b1-40be-90f1-6f04b79180be	PATCH	/lektors	undefined
20221220	21:02:36	c5949bcc-a4db-4dcc-a353-5ed45f4daee4	GET	/clients	undefined
20221220	21:05:15	c5e9f9ee-acf7-4bd7-8141-f0fe202f7afa	POST	/clients	undefined
20221220	21:05:27	b462fe8f-5a11-46f2-8cc9-d6fa99d986e2	GET	/clients	undefined
20221220	21:06:10	96ba7d27-f6a0-43dc-a2d9-da985a324167	PATCH	/clients	undefined
20221220	21:06:34	38d6d27d-3634-44a2-a3f8-ce8521bfa749	PATCH	/clients	undefined
20221220	21:06:48	0eeb2881-6422-4d06-8bea-1b1c5b8a7e8d	DELETE	/clients	undefined
20221220	21:06:51	76957599-b0d4-4459-b3ae-4bc88480627b	GET	/clients	undefined
20221220	21:06:54	8b83b854-acf1-4300-8ea9-45819cbe75b3	POST	/clients	undefined
20221220	21:07:34	8dd1b22e-3213-4fc1-a55c-7dbe192ae7f7	GET	/clients	undefined
20221220	21:09:31	0f5f0411-439e-4e6f-a99d-835e0a98adc1	PATCH	/tutorings	undefined
20221220	21:09:34	4ab7d40b-5a77-4595-be4b-068bf26cf85e	DELETE	/tutorings	undefined
20221220	21:09:38	0458b47c-ffdc-4c9a-be21-85e9dabbc5c3	GET	/tutorings	undefined
20221220	21:10:51	2c1bd02b-930d-4e21-bba3-0980063c1b8c	GET	/lektors	undefined
20221220	21:11:14	1eb57e88-1959-4ac4-803d-a1e89db0fc05	GET	/clients	undefined
20221220	21:11:31	1498ce10-2fcf-469e-817a-bea2a9e1b9f4	POST	/tutorings	undefined
20221220	21:12:11	5ca920a4-b26f-458c-864e-270dcfd2ce2a	GET	/tutorings	undefined
20221220	21:12:28	be6b4c84-3021-4df5-9db7-ac3fb19f96be	PATCH	/tutorings	undefined
20221220	21:12:34	e3821a23-ed83-4ded-8909-7efb08c782f2	PATCH	/tutorings	undefined
20221220	21:13:09	e5ee02df-1823-494b-aa50-8d43f7c45a3d	PATCH	/tutorings	undefined
20221220	21:13:47	bf31955e-2f16-4830-85ca-835f2858f4f4	PATCH	/tutorings	undefined
20221220	21:14:47	ce33a093-8001-48c9-a2ae-07b229f037bf	PATCH	/tutorings	undefined
20221220	21:15:45	c93b86e1-58e8-49e5-8f9c-e7cbc5be0b87	PATCH	/tutorings	undefined
20221220	21:15:51	62a7c634-9c6f-4ddf-b0e5-8b34f76bceed	PATCH	/tutorings	undefined
20221220	21:16:42	ec5cf082-c923-4def-a3e3-791bd354819c	PATCH	/tutorings	undefined
20221220	21:18:18	68ba74d7-69de-47bc-8019-2fe76acb6403	PATCH	/tutorings	undefined
20221220	21:18:48	9f7289f5-a0f0-4669-8e57-a2a2a7e9d3ab	PATCH	/tutorings	undefined
20221220	21:19:20	1c387e72-46b3-4333-8930-7f4ecbc6f9ab	DELETE	/tutorings	undefined
20221220	21:19:35	9f668e77-bd83-410a-bd28-a68cfc080e81	GET	/tutorings	undefined
20221220	21:20:09	87ac451d-d401-4614-a3ec-8d66e35574b8	POST	/tutorings	undefined
20221220	21:20:42	9dca26e1-8aad-4283-a520-30517561446f	GET	/lessons	undefined
20221220	21:21:35	1611b484-f367-43f4-9871-a5bff73b1b4f	POST	/lessons	undefined
20221220	21:21:37	b3b11aef-4ef5-4819-9112-faf2e55f0953	PATCH	/lessons	undefined
20221220	21:21:39	55a307fc-3f65-4e26-9c89-5199a2fd986b	DELETE	/lessons	undefined
20221220	21:21:42	8e8741f9-ee0a-440f-ba3c-7999cb4a4a6a	GET	/lessons	undefined
20221220	21:22:53	be0fb96f-3063-4350-ac29-99597fa7df2b	GET	/tutorings	undefined
20221220	21:24:11	8cc5bc9b-8343-47d6-ad86-8e39e5dd9664	POST	/lessons	undefined
20221220	21:24:18	79e8f9e5-3c24-4c68-869b-9f6c00f13b9c	POST	/lessons	undefined
20221220	21:24:52	750bbf47-6632-43dd-9566-14569550c5c1	POST	/lessons	undefined
20221220	21:24:56	defbaab9-288d-44f7-bc44-763e4508ef2c	POST	/lessons	undefined
20221220	21:25:03	e6e24f77-6ca6-491e-bb67-3c3269f10172	GET	/lessons	undefined
20221220	21:25:18	178ece0c-af1a-4ed0-aff5-b1a1c4dba457	PATCH	/lessons	undefined
20221220	21:25:21	e2bb5cd8-ee6b-4cd3-a567-d139fbd3b3c0	PATCH	/lessons	undefined
20221220	21:25:27	550db702-bda4-4c0e-b572-9579f10067c9	PATCH	/lessons	undefined
20221220	21:25:39	7a39972b-a2eb-456f-a7e5-26f4caea83e8	DELETE	/lessons	undefined
20221220	21:25:43	be5273ec-1d15-4383-8106-00617ce5e7af	GET	/lessons	undefined
20221220	21:25:45	ccbc0ad5-ab56-4e22-99d2-40bdbe8255e8	POST	/lessons	undefined
20221220	21:25:48	b0f9cee4-057b-43e3-ba15-f57e7535d9c2	DELETE	/tutorings	undefined
20221220	21:26:26	0513c3f2-d911-4082-8b20-a90446d01920	GET	/tutorings	undefined
20221220	21:26:32	348c6c4a-9a67-49df-aed2-efb2c66e34ed	DELETE	/tutorings	undefined
20221220	21:27:51	b98e70d0-861f-4147-be03-669f75f5b1ce	DELETE	/lektors	undefined
20221220	21:27:55	4bbd960c-41ce-4baa-a258-b8ebc8bda307	GET	/lektors	undefined
20221220	21:27:59	01a92564-0219-4034-9488-4aeb330dbbcf	DELETE	/lektors	undefined
20221220	21:52:49	8cf6ac32-7e3f-4174-be95-23cc75fd478b	DELETE	/invoices	undefined
20221220	21:52:51	6e58c90e-08bf-42a7-8b3d-b37ded5ee994	PATCH	/invoices	undefined
20221220	21:52:53	3f298cbf-78cd-4bd9-a3c3-8f31acd5432a	POST	/invoices	undefined
20221220	21:52:55	071e1e50-aceb-4f6d-904d-9b2bc4b2ba62	GET	/invoices	undefined
20221220	21:53:36	96c86fcd-be36-43c6-8e43-437d0238c184	GET	/mentors	undefined
20221220	21:54:05	a6c90469-e3cf-489e-ad65-ec615c0bc7b7	GET	/clients	undefined
20221220	21:54:56	486afc1e-23e0-4cf2-a387-b6ddff9c306a	POST	/invoices	undefined
20221220	21:55:38	97f26052-7c8f-4ca8-b002-b49e19b3434a	GET	/invoices	undefined
20221220	21:55:54	b62e6b0f-54f9-48be-943c-2516520a841b	PATCH	/invoices	undefined
20221220	21:55:58	ce98b845-c72e-41d5-af0f-f860e1bdcc5d	PATCH	/invoices	undefined
20221220	21:56:14	a8fa0195-5a16-4198-8efb-c7743dfa4ce2	GET	/invoices	undefined
20221220	21:56:33	b9043a20-50c9-4945-96e0-7a61166ff22d	DELETE	/clients	undefined
20221220	21:56:40	9eb8c988-6973-45de-8e74-3126ea2aaca0	GET	/clients	undefined
20221220	21:56:48	28767b63-5a26-4952-96d7-c54d4ddfa0b3	DELETE	/clients	undefined
20221220	21:57:18	65339494-c0c0-4007-be66-b4a3dc407dd2	DELETE	/invoices	undefined
20221220	21:58:17	8a3407d4-57d4-4729-be85-7f2b67226bd2	POST	/salaries	undefined
20221220	21:58:31	8d5096de-c472-4744-82f9-c97688da1e30	PATCH	/salaries	undefined
20221220	21:58:46	fdf619fe-7db5-45bb-8e28-b318c9e931e6	DELETE	/salaries	undefined
20221220	21:59:54	ea44a90b-82d4-446a-8ea7-81cda75e9ef6	POST	/salaries	undefined
20221220	22:00:13	0984ab2c-0f2b-4946-a1d9-598dfb006b6a	GET	/lektors	undefined
20221220	22:00:21	29f9bb51-b630-47b2-a963-c9e3ad3ce584	POST	/salaries	undefined
20221220	22:00:55	75f23632-5a42-4a72-a68d-f590ab15e3ea	PATCH	/salaries	undefined
20221220	22:01:09	bc17973e-0be1-4f08-bd06-cf625d61acf8	GET	/salaries	undefined
20221220	22:01:17	8cbfb71f-a72a-4d21-8761-dd9e211ea250	PATCH	/salaries	undefined
20221220	22:01:20	84b40be9-654a-42de-aff1-ee8b69c4337c	PATCH	/salaries	undefined
20221220	22:01:32	ed7f7a5d-effe-4c93-b8f3-c86e32307900	DELETE	/salaries	undefined
20221220	22:01:34	ea5832ad-bb46-4b60-b9df-8979fed48e46	POST	/salaries	undefined
20221220	22:01:36	dede46b9-8dfd-403c-bb16-a6ed99a353fb	GET	/salaries	undefined
20221220	22:22:37	85a14f02-909a-4eb5-a4f2-388d50e2b630	DELETE	/mentors	undefined
20221220	22:22:45	179b42f6-6674-4722-98c6-4502deefcdcd	DELETE	/salaries	undefined
20221220	22:22:52	a019471b-3be7-49bd-8946-fdc3ea9d3232	GET	/salaries	undefined
20221220	22:22:58	36a7b6fb-ca91-4f3a-ae95-5ea834fad398	DELETE	/salaries	undefined
20221220	22:23:02	d4955f69-1c45-474a-b015-39c3621391ad	GET	/salaries	undefined
20221220	22:23:05	5a535566-e6cc-4eb9-819e-a6701a2948be	GET	/invoices	undefined
20221220	22:23:10	84ab34ab-7ed1-4fad-a2d7-bac5645e45bd	GET	/lessons	undefined
20221220	22:23:16	9a937fad-ec15-40bf-b79b-4da823789311	DELETE	/lessons	undefined
20221220	22:23:19	8f37120c-984b-43da-bd0a-915071433145	GET	/lessons	undefined
20221220	22:23:23	06b10e2b-82f2-493d-9df2-d30d4950e685	GET	/tutorings	undefined
20221220	22:24:18	1064152c-ac56-45e5-8c1d-f0abf1be0b2b	DELETE	/tutorings	undefined
20221220	22:24:22	7df6a259-2457-43e0-bb4d-81bed1995894	GET	/tutorings	undefined
20221220	22:24:25	26973634-0fd7-48e9-bbd5-74a4a97eac02	GET	/clients	undefined
20221220	22:24:33	de3101b4-393f-4a80-a108-dd611215c197	DELETE	/clients	undefined
20221220	22:24:38	f2a19d96-4383-4f88-96d1-1828d68a5b7f	DELETE	/lektors	undefined
20221220	22:24:42	cfc80aaa-dc91-4d4f-a9dc-2e62f2c71b1c	DELETE	/mentors	undefined
20221226	17:10:36	1719991c-e06a-4993-8639-02db2e862da0	GET	/	undefined
20221226	17:10:36	7e99cb6b-3fc8-440c-baec-c4f2bf3bc977	GET	/css/index_style.css	undefined
20221226	17:10:37	26e1cad5-d606-480f-98ad-1ff419b72ae9	GET	/favicon.ico	undefined
20221227	16:47:52	e29c92be-aaa8-4319-bd9a-78d33e30c5a4	GET	/mentors	undefined
20221227	17:00:05	f2877ba6-740c-4d20-be48-e7bc8f3e7bb8	POST	/mentors	undefined
20221227	17:00:41	3341a504-8285-4080-82ec-7d41bdef5de2	POST	/mentors	undefined
20221227	17:00:51	fb2e5a6d-f43b-47c7-8767-ea9b62466a6d	GET	/mentors	undefined
20221227	17:01:03	f648b5bf-0ecf-43f0-97cf-5ce1d0da34f3	GET	/lektors	undefined
20221227	17:01:28	263833b3-acef-4706-b409-ac2ff851979e	POST	/lektors	undefined
20221227	17:01:32	fb95cc11-58d6-498a-bc6b-c6af59d978e3	POST	/lektors	undefined
20221227	17:01:44	c166096a-2048-4139-b0ae-4879a602b03b	POST	/lektors	undefined
20221227	17:01:49	97f716f5-1964-40c7-be0c-943b3ef9572e	POST	/lektors	undefined
20221227	17:01:52	7994203d-0a3b-45d7-b438-3c109244cd85	GET	/lektors	undefined
20221227	17:02:21	171c9e25-aa96-47e5-867a-b2d0f7c4d39d	POST	/clients	undefined
20221227	17:02:25	06421f4f-c4ee-479d-9a2a-8dfda8fef977	POST	/clients	undefined
20221227	17:02:58	d1401983-8630-4d5e-80f1-9ded39456a8e	POST	/clients	undefined
20221227	17:03:28	ca6aef86-ba19-4537-b233-e7854ac6ecf0	GET	/clients	undefined
20221227	17:03:32	3658ef5a-f32f-4547-854c-e64dd69167eb	GET	/clients	undefined
20221227	17:03:42	02abdef8-e313-4aad-b130-9436dc1d5385	GET	/lektors	undefined
20221227	17:03:49	0c59287b-d551-43ca-b153-aa2011aba8e9	POST	/tutorings	undefined
20221227	17:03:53	43b9f6bd-3128-4a24-827f-5fe41c193251	GET	/tutorings	undefined
20221227	17:04:28	2980b317-112a-4a1a-aa1a-f74a2c4d69a0	POST	/lessons	undefined
20221227	17:04:32	60f210cd-daf4-47f8-bb75-0e004a243ecd	GET	/lessons	undefined
20230102	12:37:59	cdda0001-0960-476b-8577-1391ae8e8cba	GET	/lessons	http://localhost:3000
20230102	12:40:07	ebb3857c-d982-431c-aa9a-40e951c8490b	GET	/lessons	http://localhost:3000
20230102	12:40:44	2eb95e1c-e80f-4024-9e62-69fb487e8df3	GET	/lessons	http://localhost:3000
20230102	12:41:11	4fff39fd-c661-439c-906e-9a2d32799828	GET	/lessons	undefined
20230102	12:41:12	731b698b-61ec-4d82-920f-063a1f4f466c	GET	/favicon.ico	undefined
20230102	12:44:52	581187f4-a640-42fc-9ae4-de01d8ca0c15	GET	/lessons	http://localhost:3000
20230102	12:45:25	a9694ba1-c631-4184-8d2e-57aa1bf2855a	GET	/lessons	http://localhost:3000
20230102	12:48:03	07579ba8-34c4-45ce-b5b1-0f0dbec6ccce	GET	/lessons	http://localhost:3000
20230102	13:10:46	7c2bc8e0-93a1-426e-8f4c-be5ff91edfb4	GET	/tutorings	http://localhost:3000
20230102	13:10:48	37e10644-939a-43f1-898f-b31eb9bb6c22	GET	/lessons	http://localhost:3000
20230102	13:10:48	75d1e2c0-c7a8-4652-94ab-623b0f96b006	GET	/tutorings	http://localhost:3000
20230102	13:13:18	327a85d8-3e08-41fa-a0b9-85702bea2c39	GET	/lessons	http://localhost:3000
20230102	13:13:18	beeb0dd3-8321-4cea-be09-082e1290646a	GET	/tutorings	http://localhost:3000
20230102	13:17:19	a6564087-38a7-49a6-803d-5f33434181de	GET	/lessons	http://localhost:3000
20230102	13:17:19	590fcce0-776c-4459-843e-0e1fd2109fa9	GET	/tutorings	http://localhost:3000
20230102	13:17:21	f465b960-58f2-4509-88fb-13f03c1a3983	GET	/lessons	http://localhost:3000
20230102	13:17:21	d13698e5-073a-4248-9614-ed3de6557b3c	GET	/tutorings	http://localhost:3000
20230102	13:39:10	08f6a1e7-376f-47e3-a3c7-0d6d6b37cc6d	GET	/lessons	http://localhost:3000
20230102	13:39:10	7eecc382-e66a-40bb-8505-304742918d7e	GET	/tutorings	http://localhost:3000
20230102	13:42:04	961cf595-146b-4ecb-b190-8367a48f5ca7	GET	/lessons	http://localhost:3000
20230102	13:42:04	e937976b-b2f9-40f1-a1a3-cf62068365f4	GET	/tutorings	http://localhost:3000
20230102	13:43:01	48bc641d-00c0-4195-983c-6d73227faeee	GET	/lessons	http://localhost:3000
20230102	13:43:04	15efde5d-6df5-4d97-843e-5d87029220d6	GET	/lessons	http://localhost:3000
20230102	13:43:31	3f53fca7-eb95-4dfb-9f10-aad8abeda7f3	GET	/lessons	http://localhost:3000
20230102	13:43:36	2d5984b5-b609-4b36-a82f-27b16157eb3e	GET	/lessons	http://localhost:3000
20230102	13:49:24	6f96317e-8d4f-460f-ac47-10946e2804af	GET	/lessons	http://localhost:3000
20230102	13:49:35	511001d9-accb-490a-aed1-5a0830087274	GET	/lessons	http://localhost:3000
20230102	13:50:09	562f2d4a-d851-41f0-b4e7-615e40ded28b	GET	/lessons	http://localhost:3000
20230102	13:52:07	451c38b7-5431-4c08-941d-590b82b978f7	GET	/lessons	http://localhost:3000
20230102	13:52:43	0ce3b2ba-96b7-43c1-ad7c-7cf33a4a6993	GET	/lessons	http://localhost:3000
20230102	13:54:55	ab6ed694-5e16-4574-a671-ae500b0a6872	GET	/lessons	http://localhost:3000
20230102	13:55:01	41820748-3a81-40b2-88e1-9e8b7aa72061	GET	/lessons	http://localhost:3000
20230102	14:00:36	20cff604-fcc2-49d8-8256-cb689c7a1ecf	GET	/lessons	http://localhost:3000
20230102	14:00:39	c49c3773-2881-4bff-9d46-9fc311564884	GET	/lessons	http://localhost:3000
20230102	14:25:45	d314db84-a719-41d7-ab88-474e76de2f9d	GET	/lessons	http://localhost:3000
20230102	14:25:51	41fdf619-5a1d-43d6-b9f7-3428ecc7d19d	GET	/lessons	http://localhost:3000
20230102	14:25:58	ad6148e4-ef17-4edd-a339-b990f5de2155	GET	/tutorings	http://localhost:3000
20230102	14:26:00	1c2eeca2-8220-45bd-982c-65cf22b01fc5	GET	/lessons	http://localhost:3000
20230102	14:30:29	9b91cf74-d329-4d5a-abcf-c89a11f1b12e	GET	/lessons	http://localhost:3000
20230102	14:33:06	b70ed336-6bb1-4b17-87c8-c6e8b4b9a675	GET	/lessons	http://localhost:3000
20230102	14:34:01	5765b973-c5c1-4008-90c6-fd1cdb02ec3b	GET	/lessons	http://localhost:3000
20230102	14:57:57	2abfacad-6cd4-428e-94a1-a2d487b28ebd	GET	/lessons	http://localhost:3000
20230102	15:02:53	a722ca7f-6533-48df-bfc9-eec09ee6bf66	POST	/clients	undefined
20230102	15:03:00	4714a2d0-3289-4261-8bb3-864ce6b014bb	GET	/clients	undefined
20230102	15:03:17	275e64fd-1626-4dff-b6ff-f4f316b3fc5d	POST	/tutorings	undefined
20230102	15:03:30	08128a8f-7b5d-46bc-bfc4-f5784e3fea01	GET	/tutorings	undefined
20230102	15:03:50	58299d0a-128b-4199-a555-9d1a79f2bca0	POST	/lessons	undefined
20230102	15:03:57	e5af1d85-61bc-4b19-94f1-983dc94e81e6	GET	/tutorings	http://localhost:3000
20230102	15:04:51	49dd7322-c59c-4ba7-b713-0dc91e391387	GET	/tutorings	http://localhost:3000
20230102	15:04:54	8df1cd16-e3fb-488f-9668-e71baa120647	GET	/lessons	http://localhost:3000
20230102	15:06:35	d6c0aa2f-77c7-4b82-92fa-3a011153dea0	GET	/tutorings	http://localhost:3000
20230102	15:10:00	7fa8de7c-9f78-4c25-add4-07dbe0123c5d	GET	/tutorings	http://localhost:3000
20230102	15:10:02	91f7347c-a504-459e-98e6-2e002a5cbb97	GET	/lessons	http://localhost:3000
20230102	15:15:12	34e1a1ba-e55b-4403-8a63-ce54b2d5b479	GET	/lessons	http://localhost:3000
20230102	15:15:13	63ebf104-67c1-4c2f-8017-90d6d9231d51	GET	/tutorings	http://localhost:3000
20230102	15:15:28	8013ac22-6587-4514-9341-2296db8ad158	GET	/lessons	http://localhost:3000
20230102	15:23:41	068d54eb-211c-4a67-bc7e-4496c84ce86f	PATCH	/tutorings	undefined
20230102	15:23:59	1a81945a-d805-4035-a2ff-91ee1ee0169e	PATCH	/tutorings	undefined
20230102	15:24:59	8eaaa416-7c4b-46d6-b166-bd6d40bb8ea5	GET	/clients	undefined
20230102	15:25:31	3bdb5cc2-de1f-408b-9b30-16e4ce35755f	GET	/clients	undefined
20230102	15:25:34	10e22e86-662d-4666-b6e3-9cbc82019890	GET	/lektors	undefined
20230102	15:25:37	6cad9b95-4813-4914-9277-6ab320746f35	GET	/tutorings	undefined
20230102	15:25:38	83971dca-9143-463e-90af-2ec662dac7dc	GET	/tutorings	undefined
20230102	15:25:53	9d4c76b4-e772-46c3-a5a0-c301b5b7ccc9	GET	/lessons	http://localhost:3000
20230102	15:26:10	3447c146-ff7e-4fa6-b8ba-4b0751fd74e3	GET	/tutorings	undefined
20230102	15:26:59	0f9549e3-86e7-4dd4-934d-9d45d33d3e85	DELETE	/tutorings	undefined
20230102	15:27:02	0f540b93-15df-49f7-a414-3061395c695e	DELETE	/tutorings	undefined
20230102	15:27:09	0d7afa83-ee4b-454d-88f8-1de910ef4bc4	GET	/lessons	undefined
20230102	15:27:20	58fbc576-1fa8-4347-8279-cfa360458373	DELETE	/lessons	undefined
20230102	15:27:23	6c8193d7-cbfa-4630-aca8-a4e08fb0c0a5	DELETE	/tutorings	undefined
20230102	15:27:29	d7854d81-2192-446d-9dea-021e93289220	GET	/tutorings	undefined
20230102	15:27:35	9c90c18e-ede5-428e-be9d-6a8d4644c187	POST	/tutorings	undefined
20230102	15:28:01	a896be95-828c-46a0-85c2-483f86befec4	GET	/tutorings	undefined
20230102	15:28:08	4f78329b-fa64-4df5-8d86-481e43e673a6	PATCH	/tutorings	undefined
20230102	15:28:14	57194580-67d4-45db-8772-4ade927bb5f6	GET	/tutorings	http://localhost:3000
20230102	15:28:17	c21e1488-b505-4151-875b-a39402e5d3a3	GET	/lessons	http://localhost:3000
20230102	15:28:31	82a51de0-2a6e-458a-9e9c-916043b55854	POST	/lessons	undefined
20230102	15:28:37	b53c2f2a-db69-493c-a8c2-b274dd849f9b	GET	/tutorings	http://localhost:3000
20230102	15:33:44	c9a6003a-ae67-4b24-a77c-3c9caa312efe	GET	/tutorings	http://localhost:3000
20230102	15:38:57	b65cd12b-a0a5-4073-b8b4-1f716f43abdb	GET	/tutorings	http://localhost:3000
20230102	15:39:03	6950cc77-bd5c-427b-ad2a-36e345251c95	GET	/lessons	http://localhost:3000
20230102	15:39:10	94c4504d-dd0f-4d8c-90e0-8d1d7bee097d	GET	/tutorings	http://localhost:3000
